{"/home/denis/repos-github/personal-manager/server/src/index.ts": {"path":"/home/denis/repos-github/personal-manager/server/src/index.ts","statementMap":{"0":{"start":{"line":7,"column":0},"end":{"line":7,"column":16}},"1":{"start":{"line":9,"column":21},"end":{"line":9,"column":30}},"2":{"start":{"line":10,"column":0},"end":{"line":10,"column":16}},"3":{"start":{"line":11,"column":0},"end":{"line":11,"column":48}},"4":{"start":{"line":12,"column":0},"end":{"line":12,"column":24}},"5":{"start":{"line":14,"column":13},"end":{"line":14,"column":29}},"6":{"start":{"line":24,"column":33},"end":{"line":33,"column":3}},"7":{"start":{"line":24,"column":71},"end":{"line":33,"column":1}},"8":{"start":{"line":35,"column":22},"end":{"line":35,"column":38}},"9":{"start":{"line":37,"column":0},"end":{"line":40,"column":3}},"10":{"start":{"line":38,"column":2},"end":{"line":38,"column":18}},"11":{"start":{"line":39,"column":2},"end":{"line":39,"column":18}},"12":{"start":{"line":42,"column":0},"end":{"line":51,"column":3}},"13":{"start":{"line":43,"column":15},"end":{"line":43,"column":56}},"14":{"start":{"line":43,"column":33},"end":{"line":43,"column":55}},"15":{"start":{"line":45,"column":2},"end":{"line":50,"column":3}},"16":{"start":{"line":46,"column":4},"end":{"line":46,"column":19}},"17":{"start":{"line":47,"column":4},"end":{"line":47,"column":20}},"18":{"start":{"line":49,"column":4},"end":{"line":49,"column":56}},"19":{"start":{"line":53,"column":0},"end":{"line":59,"column":3}},"20":{"start":{"line":54,"column":21},"end":{"line":54,"column":29}},"21":{"start":{"line":55,"column":2},"end":{"line":55,"column":21}},"22":{"start":{"line":56,"column":2},"end":{"line":56,"column":19}},"23":{"start":{"line":57,"column":2},"end":{"line":57,"column":17}},"24":{"start":{"line":58,"column":2},"end":{"line":58,"column":18}},"25":{"start":{"line":61,"column":0},"end":{"line":71,"column":3}},"26":{"start":{"line":62,"column":20},"end":{"line":62,"column":66}},"27":{"start":{"line":62,"column":43},"end":{"line":62,"column":65}},"28":{"start":{"line":64,"column":2},"end":{"line":70,"column":3}},"29":{"start":{"line":65,"column":4},"end":{"line":65,"column":32}},"30":{"start":{"line":66,"column":4},"end":{"line":66,"column":30}},"31":{"start":{"line":67,"column":4},"end":{"line":67,"column":20}},"32":{"start":{"line":69,"column":4},"end":{"line":69,"column":56}},"33":{"start":{"line":73,"column":0},"end":{"line":83,"column":3}},"34":{"start":{"line":74,"column":20},"end":{"line":74,"column":66}},"35":{"start":{"line":74,"column":43},"end":{"line":74,"column":65}},"36":{"start":{"line":76,"column":2},"end":{"line":82,"column":3}},"37":{"start":{"line":77,"column":4},"end":{"line":77,"column":31}},"38":{"start":{"line":78,"column":4},"end":{"line":78,"column":42}},"39":{"start":{"line":79,"column":4},"end":{"line":79,"column":20}},"40":{"start":{"line":81,"column":4},"end":{"line":81,"column":56}},"41":{"start":{"line":85,"column":15},"end":{"line":89,"column":2}},"42":{"start":{"line":86,"column":2},"end":{"line":86,"column":18}},"43":{"start":{"line":87,"column":2},"end":{"line":87,"column":48}},"44":{"start":{"line":88,"column":2},"end":{"line":88,"column":21}}},"fnMap":{"0":{"name":"(anonymous_0)","decl":{"start":{"line":24,"column":60},"end":{"line":24,"column":61}},"loc":{"start":{"line":24,"column":71},"end":{"line":33,"column":1}},"line":24},"1":{"name":"(anonymous_1)","decl":{"start":{"line":37,"column":18},"end":{"line":37,"column":19}},"loc":{"start":{"line":37,"column":51},"end":{"line":40,"column":1}},"line":37},"2":{"name":"(anonymous_2)","decl":{"start":{"line":42,"column":22},"end":{"line":42,"column":23}},"loc":{"start":{"line":42,"column":55},"end":{"line":51,"column":1}},"line":42},"3":{"name":"(anonymous_3)","decl":{"start":{"line":43,"column":26},"end":{"line":43,"column":27}},"loc":{"start":{"line":43,"column":33},"end":{"line":43,"column":55}},"line":43},"4":{"name":"(anonymous_4)","decl":{"start":{"line":53,"column":19},"end":{"line":53,"column":20}},"loc":{"start":{"line":53,"column":52},"end":{"line":59,"column":1}},"line":53},"5":{"name":"(anonymous_5)","decl":{"start":{"line":61,"column":24},"end":{"line":61,"column":25}},"loc":{"start":{"line":61,"column":57},"end":{"line":71,"column":1}},"line":61},"6":{"name":"(anonymous_6)","decl":{"start":{"line":62,"column":36},"end":{"line":62,"column":37}},"loc":{"start":{"line":62,"column":43},"end":{"line":62,"column":65}},"line":62},"7":{"name":"(anonymous_7)","decl":{"start":{"line":73,"column":25},"end":{"line":73,"column":26}},"loc":{"start":{"line":73,"column":58},"end":{"line":83,"column":1}},"line":73},"8":{"name":"(anonymous_8)","decl":{"start":{"line":74,"column":36},"end":{"line":74,"column":37}},"loc":{"start":{"line":74,"column":43},"end":{"line":74,"column":65}},"line":74},"9":{"name":"(anonymous_9)","decl":{"start":{"line":85,"column":32},"end":{"line":85,"column":33}},"loc":{"start":{"line":85,"column":38},"end":{"line":89,"column":1}},"line":85}},"branchMap":{"0":{"loc":{"start":{"line":45,"column":2},"end":{"line":50,"column":3}},"type":"if","locations":[{"start":{"line":45,"column":2},"end":{"line":50,"column":3}},{"start":{"line":48,"column":9},"end":{"line":50,"column":3}}],"line":45},"1":{"loc":{"start":{"line":64,"column":2},"end":{"line":70,"column":3}},"type":"if","locations":[{"start":{"line":64,"column":2},"end":{"line":70,"column":3}},{"start":{"line":68,"column":9},"end":{"line":70,"column":3}}],"line":64},"2":{"loc":{"start":{"line":76,"column":2},"end":{"line":82,"column":3}},"type":"if","locations":[{"start":{"line":76,"column":2},"end":{"line":82,"column":3}},{"start":{"line":80,"column":9},"end":{"line":82,"column":3}}],"line":76}},"s":{"0":1,"1":1,"2":1,"3":1,"4":1,"5":1,"6":1,"7":20,"8":1,"9":1,"10":1,"11":1,"12":1,"13":0,"14":0,"15":0,"16":0,"17":0,"18":0,"19":1,"20":0,"21":0,"22":0,"23":0,"24":0,"25":1,"26":0,"27":0,"28":0,"29":0,"30":0,"31":0,"32":0,"33":1,"34":0,"35":0,"36":0,"37":0,"38":0,"39":0,"40":0,"41":1,"42":1,"43":1,"44":1},"f":{"0":20,"1":1,"2":0,"3":0,"4":0,"5":0,"6":0,"7":0,"8":0,"9":1},"b":{"0":[0,0],"1":[0,0],"2":[0,0]},"_coverageSchema":"1a1c01bbd47fc00a2c39e90264f33305004495a9","hash":"4132f92d4bcd88f68d885563b372659b4046f805"}
}
