TN:
SF:src/index.ts
FN:24,(anonymous_0)
FN:37,(anonymous_1)
FN:42,(anonymous_2)
FN:43,(anonymous_3)
FN:53,(anonymous_4)
FN:61,(anonymous_5)
FN:62,(anonymous_6)
FN:73,(anonymous_7)
FN:74,(anonymous_8)
FN:85,(anonymous_9)
FNF:10
FNH:3
FNDA:20,(anonymous_0)
FNDA:1,(anonymous_1)
FNDA:0,(anonymous_2)
FNDA:0,(anonymous_3)
FNDA:0,(anonymous_4)
FNDA:0,(anonymous_5)
FNDA:0,(anonymous_6)
FNDA:0,(anonymous_7)
FNDA:0,(anonymous_8)
FNDA:1,(anonymous_9)
DA:7,1
DA:9,1
DA:10,1
DA:11,1
DA:12,1
DA:14,1
DA:24,20
DA:35,1
DA:37,1
DA:38,1
DA:39,1
DA:42,1
DA:43,0
DA:45,0
DA:46,0
DA:47,0
DA:49,0
DA:53,1
DA:54,0
DA:55,0
DA:56,0
DA:57,0
DA:58,0
DA:61,1
DA:62,0
DA:64,0
DA:65,0
DA:66,0
DA:67,0
DA:69,0
DA:73,1
DA:74,0
DA:76,0
DA:77,0
DA:78,0
DA:79,0
DA:81,0
DA:85,1
DA:86,1
DA:87,1
DA:88,1
LF:41
LH:19
BRDA:45,0,0,0
BRDA:45,0,1,0
BRDA:64,1,0,0
BRDA:64,1,1,0
BRDA:76,2,0,0
BRDA:76,2,1,0
BRF:6
BRH:0
end_of_record
